02:34:48,656 | DEBUG | Master | Create new connector
02:34:48,930 | DEBUG | Master | Start Master connector
02:34:49,041 | DEBUG | Subscriber1 | Create new connector
02:34:50,959 | DEBUG | Master | START connector
02:34:52,278 | DEBUG | Master | listen key was updated
02:34:53,453 | INFO  | Master | Logon
04:14:38,503 | DEBUG | Subscriber1 | Start Subscriber1 connector
04:14:38,504 | INFO  | Subscriber1 | Started
04:14:38,512 | DEBUG | Subscriber1 | START connector
04:14:39,706 | DEBUG | Subscriber1 | listen key was updated
04:14:40,102 | INFO  | Subscriber1 | Positions mode not changed! Reason: No need to change position side.
04:14:40,867 | INFO  | Subscriber1 | Logon
04:14:42,995 | INFO  | Subscriber1 | Non master orders canceled
04:14:42,997 | INFO  | Subscriber1 | No position to close
04:14:43,000 | INFO  | Subscriber1 | Open orders synchronized with master
04:25:30,157 | DEBUG | Sub2 | Create new connector
04:25:31,851 | DEBUG | Sub2 | Start Sub2 connector
04:25:31,852 | INFO  | Sub2 | Started
04:25:31,854 | DEBUG | Sub2 | START connector
04:25:33,526 | DEBUG | Sub2 | listen key was updated
04:25:33,902 | INFO  | Sub2 | Positions mode not changed! Reason: No need to change position side.
04:25:34,665 | INFO  | Sub2 | Logon
04:25:36,764 | INFO  | Sub2 | Non master orders canceled
04:25:36,765 | INFO  | Sub2 | No position to close
04:25:36,765 | INFO  | Sub2 | Open orders synchronized with master
04:27:12,480 | DEBUG | Master | STOP connector
04:27:12,480 | DEBUG | Sub2 | STOP connector
04:27:12,480 | DEBUG | Subscriber1 | STOP connector
04:27:12,483 | WARN  | Sub2 | Connection closed by client side
04:27:12,483 | WARN  | Subscriber1 | Connection closed by client side
04:27:12,484 | INFO  | Subscriber1 | Logout
04:27:12,483 | WARN  | Master | Connection closed by client side
04:27:12,484 | INFO  | Sub2 | Logout
04:27:12,486 | DEBUG | Sub2 | Stop Sub2 connector
04:27:12,486 | INFO  | Master | Logout
04:27:12,486 | DEBUG | Subscriber1 | Stop Subscriber1 connector
04:27:12,487 | INFO  | Subscriber1 | Stopped
04:27:12,486 | DEBUG | Master | Stop Master connector
04:27:12,486 | INFO  | Sub2 | Stopped
04:27:12,488 | INFO  | Master | Stopped
04:27:12,492 | DEBUG | ListenerWindow | Application was closed manually
04:27:12,516 | DEBUG | Master | Parsing error | Error creating window handle. |    at System.Windows.Forms.NativeWindow.CreateHandle(CreateParams cp)
   at System.Windows.Forms.Control.CreateHandle()
   at System.Windows.Forms.Control.get_Handle()
   at System.Windows.Forms.Control.get_WindowText()
   at System.Windows.Forms.Control.set_CacheTextInternal(Boolean value)
   at System.Windows.Forms.Control.PerformLayout(LayoutEventArgs args)
   at System.Windows.Forms.Control.System.Windows.Forms.Layout.IArrangedElement.PerformLayout(IArrangedElement affectedElement, String affectedProperty)
   at System.Windows.Forms.ToolStripItem.InvalidateItemLayout(String affectedProperty, Boolean invalidatePainting)
   at System.Windows.Forms.ToolStripItem.OnTextChanged(EventArgs e)
   at System.Windows.Forms.ToolStripStatusLabel.OnTextChanged(EventArgs e)
   at System.Windows.Forms.ToolStripItem.set_Text(String value)
   at RouterApplication.ListenersWindow.<ListenersWindow_Load>b__20_0(ConnectionEvent ev) in C:\Users\ivasc\RiderProjects\TradeRouter\NormalRouterApplication\ListenersWindow.cs:line 360
   at System.Action`1.Invoke(T obj)
   at BinanceFrontEnd.BinanceFront.<.ctor>b__27_2(String _, BrokerEvent what, String details) in C:\Users\ivasc\RiderProjects\TradeRouter\BinanceFrontEnd\BinanceFrontEnd.cs:line 78
   at System.Action`3.Invoke(T1 arg1, T2 arg2, T3 arg3)
   at BinanceFuturesConnector.BinanceClient.DispatchBrokerEventHandler(String name, BrokerEvent what, String details) in C:\Users\ivasc\RiderProjects\TradeRouter\BinanceFuturesConnector\BinanceClient.cs:line 60
   at BinanceFuturesConnector.PrivateChannel.<ParseMessage>d__16.MoveNext() in C:\Users\ivasc\RiderProjects\TradeRouter\BinanceFuturesConnector\PrivateChannel.cs:line 236
04:27:12,517 | ERROR | Master | Exception2 in WebSocketWrapper.SocketConnect | Message: Error creating window handle.
04:27:12,523 | DEBUG | Master | Exception2 in WebSocketWrapper.SocketConnect | Message: Error creating window handle. | StackTrace:    at System.Windows.Forms.NativeWindow.CreateHandle(CreateParams cp)
   at System.Windows.Forms.Control.CreateHandle()
   at System.Windows.Forms.Control.get_Handle()
   at System.Windows.Forms.Control.get_WindowText()
   at System.Windows.Forms.Control.set_CacheTextInternal(Boolean value)
   at System.Windows.Forms.Control.PerformLayout(LayoutEventArgs args)
   at System.Windows.Forms.Control.System.Windows.Forms.Layout.IArrangedElement.PerformLayout(IArrangedElement affectedElement, String affectedProperty)
   at System.Windows.Forms.ToolStripItem.InvalidateItemLayout(String affectedProperty, Boolean invalidatePainting)
   at System.Windows.Forms.ToolStripItem.OnTextChanged(EventArgs e)
   at System.Windows.Forms.ToolStripStatusLabel.OnTextChanged(EventArgs e)
   at System.Windows.Forms.ToolStripItem.set_Text(String value)
   at RouterApplication.ListenersWindow.<ListenersWindow_Load>b__20_0(ConnectionEvent ev) in C:\Users\ivasc\RiderProjects\TradeRouter\NormalRouterApplication\ListenersWindow.cs:line 360
   at System.Action`1.Invoke(T obj)
   at BinanceFrontEnd.BinanceFront.<.ctor>b__27_2(String _, BrokerEvent what, String details) in C:\Users\ivasc\RiderProjects\TradeRouter\BinanceFrontEnd\BinanceFrontEnd.cs:line 78
   at System.Action`3.Invoke(T1 arg1, T2 arg2, T3 arg3)
   at BinanceFuturesConnector.BinanceClient.DispatchBrokerEventHandler(String name, BrokerEvent what, String details) in C:\Users\ivasc\RiderProjects\TradeRouter\BinanceFuturesConnector\BinanceClient.cs:line 60
   at BinanceFuturesConnector.PrivateChannel.<ParseMessage>d__16.MoveNext() in C:\Users\ivasc\RiderProjects\TradeRouter\BinanceFuturesConnector\PrivateChannel.cs:line 244
--- End of stack trace from previous location where exception was thrown ---
   at System.Runtime.CompilerServices.TaskAwaiter.ThrowForNonSuccess(Task task)
   at System.Runtime.CompilerServices.TaskAwaiter.HandleNonSuccessAndDebuggerNotification(Task task)
   at System.Runtime.CompilerServices.TaskAwaiter.GetResult()
   at CommonExchange.WebSocketWrapper.<SocketConnect>d__14.MoveNext() in C:\Users\ivasc\RiderProjects\TradeRouter\CommonExchange\WebSocketWrapper.cs:line 122
