10:21:41,801 | BinanceWeight | Master | GetInstruments - Weight: 1
10:23:33,547 | BinanceWeight | Master | GetInstruments - Weight: 1
10:47:49,556 | BinanceWeight | Master | GetInstruments - Weight: 1
10:51:43,459 | BinanceWeight | Master | GetInstruments - Weight: 1
10:51:44,199 | BinanceWeight | Master | GetAllOpenOrderds - Weight: 40
10:51:44,478 | BinanceWeight | Master | GetPositions - Weight: 5
10:51:50,121 | BinanceWeight | Master | GetPositions - Weight: 5
10:51:50,829 | BinanceWeight | Master | GetAllOpenOrderds - Weight: 40
10:56:50,962 | BinanceWeight | Master | GetInstruments - Weight: 1
10:56:51,206 | BinanceWeight | Master | GetAllOpenOrderds - Weight: 40
10:56:51,663 | BinanceWeight | Master | GetPositions - Weight: 5
10:56:56,851 | BinanceWeight | Master | GetPositions - Weight: 5
10:56:57,563 | BinanceWeight | Master | GetAllOpenOrderds - Weight: 40
11:00:29,720 | BinanceWeight | Master | GetInstruments - Weight: 1
11:00:29,920 | BinanceWeight | Master | GetAllOpenOrderds - Weight: 40
11:00:31,036 | BinanceWeight | Master | GetPositions - Weight: 5
11:00:35,602 | BinanceWeight | Master | GetPositions - Weight: 5
11:00:36,316 | BinanceWeight | Master | GetAllOpenOrderds - Weight: 40
11:31:12,209 | BinanceWeight | Master | GetInstruments - Weight: 1
11:32:04,082 | BinanceWeight | Master | GetInstruments - Weight: 1
11:33:43,694 | BinanceWeight | Master | GetInstruments - Weight: 1
12:10:15,953 | BinanceWeight | Master | GetInstruments - Weight: 1
12:10:16,213 | BinanceWeight | Master | GetAllOpenOrderds - Weight: 40
12:10:17,540 | BinanceWeight | Master | GetPositions - Weight: 5
12:10:21,745 | BinanceWeight | Master | GetPositions - Weight: 5
12:10:22,128 | BinanceWeight | Master | GetAllOpenOrderds - Weight: 40
12:11:23,106 | BinanceWeight | Master | GetInstruments - Weight: 1
12:11:23,821 | BinanceWeight | Master | GetAllOpenOrderds - Weight: 40
12:11:23,999 | BinanceWeight | Master | GetPositions - Weight: 5
12:11:36,616 | BinanceWeight | Master | GetInstruments - Weight: 1
12:11:36,895 | BinanceWeight | Master | GetAllOpenOrderds - Weight: 40
12:11:37,111 | BinanceWeight | Master | GetPositions - Weight: 5
12:11:40,989 | BinanceWeight | Master | GetPositions - Weight: 5
12:11:41,382 | BinanceWeight | Master | GetAllOpenOrderds - Weight: 40
12:17:29,299 | BinanceWeight | Master | GetPositions - Weight: 5
12:17:29,677 | BinanceWeight | Master | GetAllOpenOrderds - Weight: 40
12:20:18,768 | BinanceWeight | Master | GetInstruments - Weight: 1
12:20:18,950 | BinanceWeight | Master | GetAllOpenOrderds - Weight: 40
12:20:19,625 | BinanceWeight | Master | GetPositions - Weight: 5
12:20:23,674 | BinanceWeight | Master | GetPositions - Weight: 5
12:20:24,057 | BinanceWeight | Master | GetAllOpenOrderds - Weight: 40
12:20:50,636 | BinanceWeight | Master | GetPositions - Weight: 5
12:20:51,016 | BinanceWeight | Master | GetAllOpenOrderds - Weight: 40
12:22:40,057 | BinanceWeight | Master | GetPositions - Weight: 5
12:22:40,442 | BinanceWeight | Master | GetAllOpenOrderds - Weight: 40
12:23:09,864 | BinanceWeight | Master | GetInstruments - Weight: 1
12:23:10,489 | BinanceWeight | Master | GetAllOpenOrderds - Weight: 40
12:23:10,577 | BinanceWeight | Master | GetPositions - Weight: 5
12:23:14,721 | BinanceWeight | Master | GetPositions - Weight: 5
12:23:15,098 | BinanceWeight | Master | GetAllOpenOrderds - Weight: 40
12:24:32,518 | BinanceWeight | Master | GetInstruments - Weight: 1
12:24:32,800 | BinanceWeight | Master | GetAllOpenOrderds - Weight: 40
12:24:33,470 | BinanceWeight | Master | GetPositions - Weight: 5
12:24:36,720 | BinanceWeight | Master | GetPositions - Weight: 5
12:24:37,100 | BinanceWeight | Master | GetAllOpenOrderds - Weight: 40
12:33:00,590 | BinanceWeight | Master | GetInstruments - Weight: 1
12:33:01,273 | BinanceWeight | Master | GetAllOpenOrderds - Weight: 40
12:33:01,949 | BinanceWeight | Master | GetPositions - Weight: 5
12:33:05,666 | BinanceWeight | Master | GetPositions - Weight: 5
12:33:06,044 | BinanceWeight | Master | GetAllOpenOrderds - Weight: 40
12:44:27,143 | BinanceWeight | Subscriber1 | GetAllOpenOrderds - Weight: 40
12:44:28,031 | BinanceWeight | Subscriber1 | GetPositions - Weight: 5
12:44:28,771 | BinanceWeight | Subscriber1 | ChangePositionMode - Weight: 1
12:44:30,710 | BinanceWeight | Subscriber1 | GetAccountInfo - Weight: 5
12:44:31,089 | BinanceWeight | Subscriber1 | GetAllOpenOrderds - Weight: 40
12:45:46,245 | BinanceWeight | Subscriber1 | SendNewOrder - Weight: 1
12:50:03,002 | BinanceWeight | Subscriber1 | SendNewOrder - Weight: 1
12:54:25,053 | BinanceWeight | Master | GetInstruments - Weight: 1
12:54:25,406 | BinanceWeight | Master | GetAllOpenOrderds - Weight: 40
12:54:26,086 | BinanceWeight | Master | GetPositions - Weight: 5
12:54:29,459 | BinanceWeight | Master | GetPositions - Weight: 5
12:54:29,829 | BinanceWeight | Master | GetAllOpenOrderds - Weight: 40
12:54:36,023 | BinanceWeight | Subscriber1 | GetAllOpenOrderds - Weight: 40
12:54:36,713 | BinanceWeight | Subscriber1 | GetPositions - Weight: 5
12:54:36,877 | BinanceWeight | Subscriber1 | ChangePositionMode - Weight: 1
12:54:38,638 | BinanceWeight | Subscriber1 | GetAccountInfo - Weight: 5
12:54:39,014 | BinanceWeight | Subscriber1 | GetAllOpenOrderds - Weight: 40
15:43:56,416 | BinanceWeight | Master | GetInstruments - Weight: 1
15:43:56,767 | BinanceWeight | Master | GetAllOpenOrderds - Weight: 40
15:43:57,216 | BinanceWeight | Master | GetPositions - Weight: 5
15:44:02,273 | BinanceWeight | Master | GetPositions - Weight: 5
15:44:02,668 | BinanceWeight | Master | GetAllOpenOrderds - Weight: 40
15:49:51,965 | BinanceWeight | Subscriber1 | GetAllOpenOrderds - Weight: 40
15:49:52,633 | BinanceWeight | Subscriber1 | GetPositions - Weight: 5
15:49:53,187 | BinanceWeight | Subscriber1 | ChangePositionMode - Weight: 1
15:49:55,003 | BinanceWeight | Subscriber1 | GetAccountInfo - Weight: 5
15:49:55,386 | BinanceWeight | Subscriber1 | GetAllOpenOrderds - Weight: 40
15:53:39,606 | BinanceWeight | Subscriber1 | SendNewOrder - Weight: 1
